0 info it worked if it ends with ok
1 verbose cli [ '/usr/local/Cellar/node/6.3.0/bin/node',
1 verbose cli   '/usr/local/bin/npm',
1 verbose cli   'run',
1 verbose cli   'dev' ]
2 info using npm@3.10.3
3 info using node@v6.3.0
4 verbose run-script [ 'predev', 'dev', 'postdev' ]
5 info lifecycle a-hard-game@1.0.0~predev: a-hard-game@1.0.0
6 silly lifecycle a-hard-game@1.0.0~predev: no script for predev, continuing
7 info lifecycle a-hard-game@1.0.0~dev: a-hard-game@1.0.0
8 verbose lifecycle a-hard-game@1.0.0~dev: unsafe-perm in lifecycle true
9 verbose lifecycle a-hard-game@1.0.0~dev: PATH: /usr/local/lib/node_modules/npm/bin/node-gyp-bin:/Users/Newton/Documents/a-hard-game/node_modules/.bin:/usr/local/Cellar/node/6.3.0/bin:/Users/Newton/Downloads/cocos2d-x-3.14.1/templates:/Users/Newton/Downloads:/Users/Newton/Downloads/cocos2d-x-3.14.1/tools/cocos2d-console/bin:/Library/Frameworks/Python.framework/Versions/2.7/bin:/Users/Newton/anaconda/bin:/Library/Frameworks/Python.framework/Versions/3.5/bin:/Users/Newton/.rvm/gems/ruby-2.3.0/bin:/Users/Newton/.rvm/gems/ruby-2.3.0@global/bin:/Users/Newton/.rvm/rubies/ruby-2.3.0/bin:/usr/local/bin:/Library/Frameworks/Python.framework/Versions/3.5/bin:/Library/Frameworks/Python.framework/Versions/3.5/bin:/usr/bin:/bin:/usr/sbin:/sbin:/usr/local/bin:/usr/local/go/bin:/Users/Newton/.rvm/bin:/usr/local/mysql/bin:~/.pub-cache/bin
10 verbose lifecycle a-hard-game@1.0.0~dev: CWD: /Users/Newton/Documents/a-hard-game
11 silly lifecycle a-hard-game@1.0.0~dev: Args: [ '-c', 'webpack dev server' ]
12 silly lifecycle a-hard-game@1.0.0~dev: Returned: code: 2  signal: null
13 info lifecycle a-hard-game@1.0.0~dev: Failed to exec dev script
14 verbose stack Error: a-hard-game@1.0.0 dev: `webpack dev server`
14 verbose stack Exit status 2
14 verbose stack     at EventEmitter.<anonymous> (/usr/local/lib/node_modules/npm/lib/utils/lifecycle.js:242:16)
14 verbose stack     at emitTwo (events.js:106:13)
14 verbose stack     at EventEmitter.emit (events.js:191:7)
14 verbose stack     at ChildProcess.<anonymous> (/usr/local/lib/node_modules/npm/lib/utils/spawn.js:40:14)
14 verbose stack     at emitTwo (events.js:106:13)
14 verbose stack     at ChildProcess.emit (events.js:191:7)
14 verbose stack     at maybeClose (internal/child_process.js:852:16)
14 verbose stack     at Process.ChildProcess._handle.onexit (internal/child_process.js:215:5)
15 verbose pkgid a-hard-game@1.0.0
16 verbose cwd /Users/Newton/Documents/a-hard-game
17 error Darwin 16.4.0
18 error argv "/usr/local/Cellar/node/6.3.0/bin/node" "/usr/local/bin/npm" "run" "dev"
19 error node v6.3.0
20 error npm  v3.10.3
21 error code ELIFECYCLE
22 error a-hard-game@1.0.0 dev: `webpack dev server`
22 error Exit status 2
23 error Failed at the a-hard-game@1.0.0 dev script 'webpack dev server'.
23 error Make sure you have the latest version of node.js and npm installed.
23 error If you do, this is most likely a problem with the a-hard-game package,
23 error not with npm itself.
23 error Tell the author that this fails on your system:
23 error     webpack dev server
23 error You can get information on how to open an issue for this project with:
23 error     npm bugs a-hard-game
23 error Or if that isn't available, you can get their info via:
23 error     npm owner ls a-hard-game
23 error There is likely additional logging output above.
24 verbose exit [ 1, true ]
